<?xml version="1.0" encoding="UTF-8"?>
<!-- Generated by org.testng.reporters.JUnitXMLReporter -->
<testsuite ignored="2" hostname="DESKTOP-JHF2A3L" failures="0" tests="3" name="Test MLFlow" time="61.272" errors="0" timestamp="2022-03-14T20:15:03 SGT">
  <testcase classname="TestMLFlow" name="Test_1" time="6.184"/>
  <testcase classname="TestMLFlow" name="Test_3" time="7.703"/>
  <testcase classname="TestMLFlow" name="Test_4" time="6.16"/>
  <testcase classname="TestMLFlow" name="demo_test1234" time="0.0">
    <ignored/>
  </testcase> <!-- demo_test1234 -->
  <testcase classname="TestMLFlow" name="Test_2" time="0.0">
    <ignored/>
  </testcase> <!-- Test_2 -->
</testsuite> <!-- Test MLFlow -->
