<?xml version="1.0" encoding="UTF-8"?>
<testng-results ignored="2" total="5" passed="3" failed="0" skipped="0">
  <reporter-output>
    <line>
      <![CDATA[Test 1 - Test successful creation of experiment.]]>
    </line>
    <line>
      <![CDATA[ '+' clicked.]]>
    </line>
    <line>
      <![CDATA[File name entered]]>
    </line>
    <line>
      <![CDATA['Create' clicked.]]>
    </line>
    <line>
      <![CDATA[To assert experiment file name is displayed.]]>
    </line>
    <line>
      <![CDATA[File name Test1647262118811 is displayed.]]>
    </line>
    <line>
      <![CDATA[MLFlow main page screenshot created.]]>
    </line>
    <line>
      <![CDATA[Test 3 - Test Rename an experiment.]]>
    </line>
    <line>
      <![CDATA[ 'Ren Icon' clicked.]]>
    </line>
    <line>
      <![CDATA[New name entered.]]>
    </line>
    <line>
      <![CDATA[Save button clicked.]]>
    </line>
    <line>
      <![CDATA[To assert experiment file name is displayed.]]>
    </line>
    <line>
      <![CDATA[File name Test1647262118811-NewName is displayed.]]>
    </line>
    <line>
      <![CDATA[MLFlow main page screenshot created.]]>
    </line>
    <line>
      <![CDATA[Test 4 - Test Delete an experiment.]]>
    </line>
    <line>
      <![CDATA[ 'Del Icon' clicked.]]>
    </line>
    <line>
      <![CDATA[Delete button clicked.]]>
    </line>
    <line>
      <![CDATA[To assert experiment file name is deleted.]]>
    </line>
    <line>
      <![CDATA[The experiment Test1647262118811-NewName deleted.]]>
    </line>
    <line>
      <![CDATA[MLFlow main page screenshot created.]]>
    </line>
  </reporter-output>
  <suite started-at="2022-03-14T20:48:38 SGT" name="Test Suite" finished-at="2022-03-14T20:49:46 SGT" duration-ms="67413">
    <groups>
    </groups>
    <test started-at="2022-03-14T20:48:38 SGT" name="Test MLFlow" finished-at="2022-03-14T20:49:46 SGT" duration-ms="67413">
      <class name="TestMLFlow">
        <test-method is-config="true" signature="beforeClassTest()[pri:0, instance:TestMLFlow@53ce1329]" started-at="2022-03-14T20:48:38 SGT" name="beforeClassTest" finished-at="2022-03-14T20:48:38 SGT" duration-ms="18" status="PASS">
          <reporter-output>
          </reporter-output>
        </test-method> <!-- beforeClassTest -->
        <test-method is-config="true" signature="beforeTest()[pri:0, instance:TestMLFlow@53ce1329]" started-at="2022-03-14T20:48:38 SGT" name="beforeTest" finished-at="2022-03-14T20:48:51 SGT" duration-ms="12874" status="PASS">
          <reporter-output>
          </reporter-output>
        </test-method> <!-- beforeTest -->
        <test-method signature="Test_1()[pri:0, instance:TestMLFlow@53ce1329]" started-at="2022-03-14T20:48:51 SGT" name="Test_1" finished-at="2022-03-14T20:48:58 SGT" duration-ms="7237" status="PASS">
          <reporter-output>
            <line>
              <![CDATA[Test 1 - Test successful creation of experiment.]]>
            </line>
            <line>
              <![CDATA[ '+' clicked.]]>
            </line>
            <line>
              <![CDATA[File name entered]]>
            </line>
            <line>
              <![CDATA['Create' clicked.]]>
            </line>
            <line>
              <![CDATA[To assert experiment file name is displayed.]]>
            </line>
            <line>
              <![CDATA[File name Test1647262118811 is displayed.]]>
            </line>
            <line>
              <![CDATA[MLFlow main page screenshot created.]]>
            </line>
          </reporter-output>
        </test-method> <!-- Test_1 -->
        <test-method is-config="true" signature="teardown()[pri:0, instance:TestMLFlow@53ce1329]" started-at="2022-03-14T20:48:58 SGT" name="teardown" finished-at="2022-03-14T20:49:01 SGT" duration-ms="2164" status="PASS">
          <reporter-output>
          </reporter-output>
        </test-method> <!-- teardown -->
        <test-method is-config="true" signature="beforeTest()[pri:0, instance:TestMLFlow@53ce1329]" started-at="2022-03-14T20:49:01 SGT" name="beforeTest" finished-at="2022-03-14T20:49:14 SGT" duration-ms="13446" status="PASS">
          <reporter-output>
          </reporter-output>
        </test-method> <!-- beforeTest -->
        <test-method signature="Test_3()[pri:0, instance:TestMLFlow@53ce1329]" started-at="2022-03-14T20:49:14 SGT" name="Test_3" finished-at="2022-03-14T20:49:22 SGT" duration-ms="8185" status="PASS">
          <reporter-output>
            <line>
              <![CDATA[Test 3 - Test Rename an experiment.]]>
            </line>
            <line>
              <![CDATA[ 'Ren Icon' clicked.]]>
            </line>
            <line>
              <![CDATA[New name entered.]]>
            </line>
            <line>
              <![CDATA[Save button clicked.]]>
            </line>
            <line>
              <![CDATA[To assert experiment file name is displayed.]]>
            </line>
            <line>
              <![CDATA[File name Test1647262118811-NewName is displayed.]]>
            </line>
            <line>
              <![CDATA[MLFlow main page screenshot created.]]>
            </line>
          </reporter-output>
        </test-method> <!-- Test_3 -->
        <test-method is-config="true" signature="teardown()[pri:0, instance:TestMLFlow@53ce1329]" started-at="2022-03-14T20:49:22 SGT" name="teardown" finished-at="2022-03-14T20:49:24 SGT" duration-ms="1922" status="PASS">
          <reporter-output>
          </reporter-output>
        </test-method> <!-- teardown -->
        <test-method is-config="true" signature="beforeTest()[pri:0, instance:TestMLFlow@53ce1329]" started-at="2022-03-14T20:49:24 SGT" name="beforeTest" finished-at="2022-03-14T20:49:38 SGT" duration-ms="13437" status="PASS">
          <reporter-output>
          </reporter-output>
        </test-method> <!-- beforeTest -->
        <test-method signature="Test_4()[pri:0, instance:TestMLFlow@53ce1329]" started-at="2022-03-14T20:49:38 SGT" name="Test_4" finished-at="2022-03-14T20:49:44 SGT" duration-ms="6370" status="PASS">
          <reporter-output>
            <line>
              <![CDATA[Test 4 - Test Delete an experiment.]]>
            </line>
            <line>
              <![CDATA[ 'Del Icon' clicked.]]>
            </line>
            <line>
              <![CDATA[Delete button clicked.]]>
            </line>
            <line>
              <![CDATA[To assert experiment file name is deleted.]]>
            </line>
            <line>
              <![CDATA[The experiment Test1647262118811-NewName deleted.]]>
            </line>
            <line>
              <![CDATA[MLFlow main page screenshot created.]]>
            </line>
          </reporter-output>
        </test-method> <!-- Test_4 -->
        <test-method is-config="true" signature="teardown()[pri:0, instance:TestMLFlow@53ce1329]" started-at="2022-03-14T20:49:44 SGT" name="teardown" finished-at="2022-03-14T20:49:46 SGT" duration-ms="1699" status="PASS">
          <reporter-output>
          </reporter-output>
        </test-method> <!-- teardown -->
      </class> <!-- TestMLFlow -->
    </test> <!-- Test MLFlow -->
  </suite> <!-- Test Suite -->
</testng-results>
