<?xml version="1.0" encoding="UTF-8"?>
<testsuite xmlns:xsi="http://www.w3.org/2001/XMLSchema-instance" xsi:noNamespaceSchemaLocation="https://maven.apache.org/surefire/maven-surefire-plugin/xsd/surefire-test-report-3.0.xsd" version="3.0" name="TestSuite" time="68.487" tests="3" errors="0" skipped="0" failures="0">
  <properties>
[...]
</properties>
  <testcase name="Test_1" classname="TestMLFlow" time="6.724">
    <system-out><![CDATA[File name Test1647262118811 is displayed.
MLFlow main page screenshot created.
]]></system-out>
    <system-err><![CDATA[SLF4J: Failed to load class "org.slf4j.impl.StaticLoggerBinder".
SLF4J: Defaulting to no-operation (NOP) logger implementation
SLF4J: See http://www.slf4j.org/codes.html#StaticLoggerBinder for further details.
1647262119636	geckodriver	INFO	Listening on 127.0.0.1:63193
1647262121221	mozrunner::runner	INFO	Running command: "C:\\Program Files\\Mozilla Firefox\\firefox.exe" "--marionette" "--remote-debugging-port" "63148" "-no-remote" "-profile" "C:\\Users\\EILEE_~1\\AppData\\Local\\Temp\\rust_mozprofileSwFu96"
1647262121659	Marionette	INFO	Marionette enabled
console.warn: SearchSettings: "get: No settings file exists, new profile?" (new NotFoundError("Could not open the file at C:\\Users\\eilee_eukb050\\AppData\\Local\\Temp\\rust_mozprofileSwFu96\\search.json.mozlz4", (void 0)))
DevTools listening on ws://localhost:63148/devtools/browser/b532c79b-65b0-44e6-8817-3c67c38e3f10
1647262124520	Marionette	INFO	Listening on port 49409
1647262124923	RemoteAgent	WARN	TLS certificate errors will be ignored for this session
Mar 14, 2022 8:48:45 PM org.openqa.selenium.remote.ProtocolHandshake createSession
INFO: Detected dialect: W3C
]]></system-err>
  </testcase>
  <testcase name="Test_3" classname="TestMLFlow" time="8.177">
    <system-out><![CDATA[Success of test cases and its details are : Test_1
Last method - Tear down. 
File name Test1647262118811-NewName is displayed.
MLFlow main page screenshot created.
]]></system-out>
    <system-err><![CDATA[1647262138966	Marionette	INFO	Stopped listening on port 49409
JavaScript error: resource://gre/modules/Sqlite.jsm, line 1059: Error: Sqlite.jsm has been shutdown. Cannot open connection to: C:\Users\eilee_eukb050\AppData\Local\Temp\rust_mozprofileSwFu96\protections.sqlite
1647262141228	geckodriver	INFO	Listening on 127.0.0.1:53514
1647262141722	mozrunner::runner	INFO	Running command: "C:\\Program Files\\Mozilla Firefox\\firefox.exe" "--marionette" "--remote-debugging-port" "58973" "-no-remote" "-profile" "C:\\Users\\EILEE_~1\\AppData\\Local\\Temp\\rust_mozprofileyZt1ZY"
1647262142460	Marionette	INFO	Marionette enabled
console.warn: SearchSettings: "get: No settings file exists, new profile?" (new NotFoundError("Could not open the file at C:\\Users\\eilee_eukb050\\AppData\\Local\\Temp\\rust_mozprofileyZt1ZY\\search.json.mozlz4", (void 0)))
DevTools listening on ws://localhost:58973/devtools/browser/d524e0a7-9a56-4db0-9367-2949d8edad13
1647262147315	Marionette	INFO	Listening on port 49476
1647262147571	RemoteAgent	WARN	TLS certificate errors will be ignored for this session
Mar 14, 2022 8:49:07 PM org.openqa.selenium.remote.ProtocolHandshake createSession
INFO: Detected dialect: W3C
]]></system-err>
  </testcase>
  <testcase name="Test_4" classname="TestMLFlow" time="6.299">
    <system-out><![CDATA[Success of test cases and its details are : Test_3
Last method - Tear down. 
Default
DemoAPITest1646361571688
MLFlow main page screenshot created.
]]></system-out>
    <system-err><![CDATA[1647262162765	Marionette	INFO	Stopped listening on port 49476

###!!! [Parent][MessageChannel] Error: (msgtype=0x39007A,name=PContent::Msg_DestroyBrowsingContextGroup) Closed channel: cannot send/recv

JavaScript error: resource://gre/modules/Sqlite.jsm, line 1059: Error: Sqlite.jsm has been shutdown. Cannot open connection to: C:\Users\eilee_eukb050\AppData\Local\Temp\rust_mozprofileyZt1ZY\protections.sqlite

###!!! [Child][RunMessage] Error: Channel closing: too late to send/recv, messages will be lost

1647262164788	geckodriver	INFO	Listening on 127.0.0.1:64143
1647262165275	mozrunner::runner	INFO	Running command: "C:\\Program Files\\Mozilla Firefox\\firefox.exe" "--marionette" "--remote-debugging-port" "52631" "-no-remote" "-profile" "C:\\Users\\EILEE_~1\\AppData\\Local\\Temp\\rust_mozprofilevfYPYm"
1647262165965	Marionette	INFO	Marionette enabled
console.warn: SearchSettings: "get: No settings file exists, new profile?" (new NotFoundError("Could not open the file at C:\\Users\\eilee_eukb050\\AppData\\Local\\Temp\\rust_mozprofilevfYPYm\\search.json.mozlz4", (void 0)))
DevTools listening on ws://localhost:52631/devtools/browser/b1dcdb0e-195b-42eb-ae56-2902d3e9aa18
1647262170920	Marionette	INFO	Listening on port 49543
1647262171224	RemoteAgent	WARN	TLS certificate errors will be ignored for this session
Mar 14, 2022 8:49:31 PM org.openqa.selenium.remote.ProtocolHandshake createSession
INFO: Detected dialect: W3C
]]></system-err>
  </testcase>
</testsuite>