<?xml version="1.0" encoding="UTF-8"?>
<testng-results ignored="0" total="2" passed="2" failed="0" skipped="0">
  <reporter-output>
    <line>
      <![CDATA[Test 1 - Test successful login and logout.]]>
    </line>
    <line>
      <![CDATA[The login form submitted.]]>
    </line>
    <line>
      <![CDATA[The login succeeded.]]>
    </line>
    <line>
      <![CDATA[The Airflow main page screenshot created.]]>
    </line>
    <line>
      <![CDATA[The logout succeeded.]]>
    </line>
    <line>
      <![CDATA[The Airflow login page screenshot created.]]>
    </line>
    <line>
      <![CDATA[Test 2 - Test unsuccessful login.]]>
    </line>
    <line>
      <![CDATA[The login form submitted.]]>
    </line>
    <line>
      <![CDATA['Invalid username or password.' displayed.]]>
    </line>
    <line>
      <![CDATA[The login is unsuccessful.]]>
    </line>
    <line>
      <![CDATA[Failed login screenshot created.]]>
    </line>
  </reporter-output>
  <suite started-at="2022-03-28T19:28:55 SGT" name="Test Suite" finished-at="2022-03-28T19:29:28 SGT" duration-ms="32365">
    <groups>
    </groups>
    <test started-at="2022-03-28T19:28:55 SGT" name="Test AirFlow" finished-at="2022-03-28T19:29:28 SGT" duration-ms="32365">
      <class name="TestAirFlow">
        <test-method is-config="true" signature="beforeClassTest()[pri:0, instance:TestAirFlow@d29f28]" started-at="2022-03-28T19:28:56 SGT" name="beforeClassTest" finished-at="2022-03-28T19:28:56 SGT" duration-ms="22" status="PASS">
          <reporter-output>
          </reporter-output>
        </test-method> <!-- beforeClassTest -->
        <test-method is-config="true" signature="beforeTest()[pri:0, instance:TestAirFlow@d29f28]" started-at="2022-03-28T19:28:56 SGT" name="beforeTest" finished-at="2022-03-28T19:29:06 SGT" duration-ms="10114" status="PASS">
          <reporter-output>
          </reporter-output>
        </test-method> <!-- beforeTest -->
        <test-method signature="Test_1()[pri:0, instance:TestAirFlow@d29f28]" started-at="2022-03-28T19:29:06 SGT" name="Test_1" finished-at="2022-03-28T19:29:14 SGT" duration-ms="8463" status="PASS">
          <reporter-output>
            <line>
              <![CDATA[Test 1 - Test successful login and logout.]]>
            </line>
            <line>
              <![CDATA[The login form submitted.]]>
            </line>
            <line>
              <![CDATA[The login succeeded.]]>
            </line>
            <line>
              <![CDATA[The Airflow main page screenshot created.]]>
            </line>
            <line>
              <![CDATA[The logout succeeded.]]>
            </line>
            <line>
              <![CDATA[The Airflow login page screenshot created.]]>
            </line>
          </reporter-output>
        </test-method> <!-- Test_1 -->
        <test-method is-config="true" signature="teardown()[pri:0, instance:TestAirFlow@d29f28]" started-at="2022-03-28T19:29:14 SGT" name="teardown" finished-at="2022-03-28T19:29:16 SGT" duration-ms="1384" status="PASS">
          <reporter-output>
          </reporter-output>
        </test-method> <!-- teardown -->
        <test-method is-config="true" signature="beforeTest()[pri:0, instance:TestAirFlow@d29f28]" started-at="2022-03-28T19:29:16 SGT" name="beforeTest" finished-at="2022-03-28T19:29:23 SGT" duration-ms="7827" status="PASS">
          <reporter-output>
          </reporter-output>
        </test-method> <!-- beforeTest -->
        <test-method signature="Test_2()[pri:0, instance:TestAirFlow@d29f28]" started-at="2022-03-28T19:29:23 SGT" name="Test_2" finished-at="2022-03-28T19:29:26 SGT" duration-ms="2983" status="PASS">
          <reporter-output>
            <line>
              <![CDATA[Test 2 - Test unsuccessful login.]]>
            </line>
            <line>
              <![CDATA[The login form submitted.]]>
            </line>
            <line>
              <![CDATA['Invalid username or password.' displayed.]]>
            </line>
            <line>
              <![CDATA[The login is unsuccessful.]]>
            </line>
            <line>
              <![CDATA[Failed login screenshot created.]]>
            </line>
          </reporter-output>
        </test-method> <!-- Test_2 -->
        <test-method is-config="true" signature="teardown()[pri:0, instance:TestAirFlow@d29f28]" started-at="2022-03-28T19:29:26 SGT" name="teardown" finished-at="2022-03-28T19:29:28 SGT" duration-ms="1456" status="PASS">
          <reporter-output>
          </reporter-output>
        </test-method> <!-- teardown -->
      </class> <!-- TestAirFlow -->
    </test> <!-- Test AirFlow -->
  </suite> <!-- Test Suite -->
</testng-results>
